{
  "Cucumber Features": {
    "coverage": {
      "/Users/kaijing/2019fall/cs169/cbvxstem/app/models/user.rb": [
        1,
        null,
        null,
        1,
        null,
        null,
        1,
        null
      ],
      "/Users/kaijing/2019fall/cs169/cbvxstem/app/models/application_record.rb": [
        1,
        1,
        null
      ],
      "/Users/kaijing/2019fall/cs169/cbvxstem/app/helpers/application_helper.rb": [
        1,
        1,
        null,
        1,
        9,
        0,
        null,
        0,
        0,
        null,
        null,
        null,
        null,
        0,
        null,
        null,
        1,
        9,
        9,
        null,
        0,
        null,
        null,
        null,
        null,
        null,
        1,
        null,
        null,
        null,
        null,
        9,
        null,
        null,
        null,
        null,
        null,
        null,
        null,
        null,
        null,
        null,
        null,
        1,
        0,
        null,
        null,
        1,
        27,
        null,
        null,
        null,
        1,
        9,
        null,
        9,
        27,
        null,
        null,
        9,
        null,
        null,
        1,
        30,
        0,
        null,
        30,
        null,
        30,
        null,
        null,
        1,
        30,
        0,
        null,
        30,
        null,
        null,
        null,
        1,
        30,
        null,
        null,
        null
      ],
      "/Users/kaijing/2019fall/cs169/cbvxstem/app/helpers/appointments_helper.rb": [
        1,
        null
      ],
      "/Users/kaijing/2019fall/cs169/cbvxstem/app/helpers/documentations_helper.rb": [
        1,
        null
      ],
      "/Users/kaijing/2019fall/cs169/cbvxstem/app/helpers/medications_helper.rb": [
        1,
        null
      ],
      "/Users/kaijing/2019fall/cs169/cbvxstem/app/helpers/messages_helper.rb": [
        1,
        null
      ],
      "/Users/kaijing/2019fall/cs169/cbvxstem/app/helpers/profile_helper.rb": [
        1,
        null,
        1,
        0,
        0,
        null,
        0,
        null,
        null,
        null,
        null,
        0,
        null,
        null,
        null,
        1,
        0,
        null,
        null,
        null,
        null,
        null,
        0,
        null,
        0,
        null,
        null,
        null,
        1,
        null,
        0,
        null,
        null,
        0,
        null,
        null,
        1,
        0,
        null,
        null,
        1,
        0,
        0,
        0,
        0,
        null,
        0,
        null,
        null,
        null,
        null
      ],
      "/Users/kaijing/2019fall/cs169/cbvxstem/app/helpers/search_patients_helper.rb": [
        1,
        null
      ],
      "/Users/kaijing/2019fall/cs169/cbvxstem/app/helpers/treatments_helper.rb": [
        1,
        null
      ],
      "/Users/kaijing/2019fall/cs169/cbvxstem/app/helpers/user_activities_helper.rb": [
        1,
        null,
        null,
        1,
        0,
        null,
        0,
        0,
        0,
        null,
        null,
        null,
        null
      ],
      "/Users/kaijing/2019fall/cs169/cbvxstem/app/models/user_holder.rb": [
        1,
        null,
        1,
        null,
        1,
        null,
        null,
        1,
        null,
        null,
        1,
        null,
        null,
        1,
        1,
        0,
        null,
        null,
        1,
        1,
        0,
        null,
        null,
        1,
        1,
        0,
        null,
        null,
        1,
        1,
        0,
        null,
        null,
        1,
        1,
        0,
        null
      ],
      "/Users/kaijing/2019fall/cs169/cbvxstem/app/models/profile.rb": [
        1,
        null,
        1,
        null,
        null,
        1,
        null,
        null,
        null,
        null,
        null,
        null,
        null,
        null,
        null,
        null,
        null,
        null,
        1,
        0,
        null,
        null,
        1,
        0,
        null,
        null,
        null,
        null,
        null,
        1,
        0,
        null,
        null,
        null,
        null,
        null,
        1,
        0,
        null,
        null,
        null,
        null,
        null,
        1,
        0,
        0,
        null,
        0,
        0,
        null,
        null
      ],
      "/Users/kaijing/2019fall/cs169/cbvxstem/app/controllers/search_patients_controller.rb": [
        1,
        1,
        9,
        9,
        2,
        null,
        9,
        1,
        null,
        null,
        9,
        9,
        null,
        null,
        0,
        0,
        0,
        0,
        null,
        0,
        null,
        null,
        9,
        1,
        null,
        1,
        null,
        0,
        null,
        0,
        null,
        1,
        null,
        null,
        null,
        null
      ],
      "/Users/kaijing/2019fall/cs169/cbvxstem/app/controllers/application_controller.rb": [
        1,
        1,
        1,
        1,
        null,
        1,
        null,
        null
      ],
      "/Users/kaijing/2019fall/cs169/cbvxstem/app/controllers/concerns/devise_permitted_attributes.rb": [
        2,
        1,
        1,
        null,
        1,
        0,
        0,
        null,
        null
      ],
      "/Users/kaijing/2019fall/cs169/cbvxstem/app/uploaders/attachment_uploader.rb": [
        null,
        null,
        0,
        null,
        null,
        null,
        null,
        null,
        null,
        0,
        null,
        null,
        null,
        null,
        0,
        null,
        0,
        null,
        0,
        null,
        0,
        0,
        0,
        null,
        null,
        null,
        null,
        null,
        null,
        null,
        null,
        null,
        null,
        null,
        null,
        null,
        null,
        null,
        null,
        null,
        null,
        null,
        null,
        null,
        null,
        null,
        null,
        null,
        null,
        null,
        null,
        null,
        null,
        null,
        null,
        0
      ],
      "/Users/kaijing/2019fall/cs169/cbvxstem/app/mailers/message_mailer.rb": [
        0,
        null,
        null,
        null,
        null,
        null,
        null,
        null,
        0,
        0,
        null,
        0,
        0,
        0,
        null,
        0,
        0,
        null,
        0,
        0,
        0,
        null,
        0,
        0,
        null,
        0,
        0,
        0,
        null,
        0,
        0,
        null,
        0,
        0,
        0,
        null,
        null,
        null,
        null,
        0
      ],
      "/Users/kaijing/2019fall/cs169/cbvxstem/app/mailers/application_mailer.rb": [
        0,
        0,
        0,
        0
      ],
      "/Users/kaijing/2019fall/cs169/cbvxstem/app/models/appointment.rb": [
        0,
        0,
        0,
        0
      ],
      "/Users/kaijing/2019fall/cs169/cbvxstem/app/models/user_activity.rb": [
        0,
        0,
        null,
        null,
        0,
        0,
        0,
        0,
        null,
        null,
        0,
        0,
        0,
        null,
        null,
        null,
        null,
        null,
        null,
        null,
        null,
        null,
        null,
        null,
        null,
        null,
        0
      ],
      "/Users/kaijing/2019fall/cs169/cbvxstem/app/models/user_setting.rb": [
        0,
        null,
        0,
        0
      ],
      "/Users/kaijing/2019fall/cs169/cbvxstem/app/models/document.rb": [
        0,
        null,
        0,
        null,
        null,
        0,
        null,
        null,
        null,
        null,
        null,
        null,
        null,
        null,
        null,
        null,
        null,
        0,
        0,
        0,
        null,
        0
      ],
      "/Users/kaijing/2019fall/cs169/cbvxstem/app/models/medication.rb": [
        0,
        0,
        0
      ],
      "/Users/kaijing/2019fall/cs169/cbvxstem/app/models/message.rb": [
        0,
        0,
        0,
        0,
        0
      ],
      "/Users/kaijing/2019fall/cs169/cbvxstem/app/models/treatment.rb": [
        0,
        0,
        null,
        0,
        0,
        0,
        0,
        null,
        null,
        null,
        0
      ],
      "/Users/kaijing/2019fall/cs169/cbvxstem/app/models/documentation.rb": [
        0,
        0,
        0,
        0
      ],
      "/Users/kaijing/2019fall/cs169/cbvxstem/app/jobs/application_job.rb": [
        0,
        0
      ],
      "/Users/kaijing/2019fall/cs169/cbvxstem/app/controllers/messages_controller.rb": [
        0,
        0,
        null,
        null,
        null,
        0,
        0,
        0,
        null,
        null,
        null,
        0,
        0,
        null,
        0,
        0,
        0,
        null,
        0,
        0,
        0,
        null,
        null,
        0,
        0,
        null,
        null,
        null,
        0,
        0,
        0,
        null,
        0,
        0,
        0,
        0,
        null,
        0,
        0,
        0,
        0,
        0,
        0,
        0,
        0,
        null,
        null,
        null,
        0,
        0,
        0,
        0,
        0,
        0,
        0,
        0,
        0,
        0,
        0,
        null,
        null,
        null,
        0,
        0,
        0,
        0,
        0,
        0,
        0,
        null,
        0,
        0,
        null,
        0,
        null,
        0,
        null,
        0,
        null,
        0,
        0,
        0,
        null,
        null,
        0,
        0,
        0,
        0
      ],
      "/Users/kaijing/2019fall/cs169/cbvxstem/app/controllers/medications_controller.rb": [
        0,
        0,
        null,
        null,
        null,
        0,
        0,
        0,
        null,
        null,
        null,
        0,
        0,
        null,
        null,
        0,
        0,
        0,
        null,
        null,
        0,
        0,
        null,
        null,
        null,
        0,
        0,
        null,
        0,
        0,
        0,
        0,
        0,
        0,
        0,
        0,
        0,
        0,
        null,
        null,
        null,
        0,
        0,
        0,
        0,
        0,
        0,
        0,
        0,
        0,
        0,
        0,
        null,
        null,
        null,
        0,
        0,
        0,
        0,
        0,
        0,
        0,
        null,
        0,
        null,
        0,
        0,
        0,
        null,
        null,
        0,
        0,
        0,
        0
      ],
      "/Users/kaijing/2019fall/cs169/cbvxstem/app/controllers/treatments_controller.rb": [
        0,
        0,
        0,
        null,
        null,
        null,
        0,
        0,
        0,
        null,
        null,
        null,
        0,
        0,
        null,
        null,
        0,
        0,
        0,
        null,
        null,
        0,
        0,
        null,
        null,
        null,
        0,
        0,
        null,
        0,
        0,
        0,
        0,
        0,
        0,
        0,
        0,
        0,
        0,
        null,
        null,
        null,
        0,
        0,
        0,
        0,
        0,
        0,
        0,
        0,
        0,
        0,
        0,
        null,
        null,
        null,
        0,
        0,
        0,
        0,
        0,
        0,
        0,
        null,
        0,
        null,
        0,
        0,
        0,
        null,
        null,
        0,
        0,
        0,
        0
      ],
      "/Users/kaijing/2019fall/cs169/cbvxstem/app/controllers/appointments_controller.rb": [
        0,
        0,
        0,
        null,
        null,
        null,
        0,
        0,
        0,
        null,
        null,
        null,
        0,
        0,
        null,
        null,
        0,
        0,
        0,
        null,
        null,
        0,
        0,
        null,
        null,
        null,
        0,
        0,
        null,
        0,
        0,
        0,
        0,
        0,
        0,
        0,
        0,
        0,
        0,
        null,
        null,
        null,
        0,
        0,
        0,
        0,
        0,
        0,
        0,
        0,
        0,
        0,
        0,
        null,
        null,
        null,
        0,
        0,
        0,
        0,
        0,
        0,
        0,
        null,
        0,
        0,
        0,
        0,
        null,
        null,
        0,
        0,
        0,
        null,
        null,
        0,
        0,
        0,
        0
      ],
      "/Users/kaijing/2019fall/cs169/cbvxstem/app/controllers/pages_controller.rb": [
        0,
        0,
        0,
        null,
        0,
        null,
        0,
        0,
        0,
        null,
        0,
        0,
        null,
        0,
        0,
        0
      ],
      "/Users/kaijing/2019fall/cs169/cbvxstem/app/controllers/documentations_controller.rb": [
        0,
        0,
        0,
        0,
        0,
        0,
        0,
        null,
        0,
        0,
        0,
        null,
        0,
        0,
        null,
        null,
        0,
        0,
        0,
        0,
        0,
        0,
        0,
        0,
        null,
        0,
        null,
        0,
        0,
        0,
        0,
        0,
        0,
        null,
        0,
        0,
        0,
        0,
        0,
        0,
        null,
        0,
        null,
        0,
        0,
        0,
        0,
        0,
        0,
        0,
        0,
        0,
        0,
        0,
        0,
        0,
        0,
        null,
        0,
        0,
        0,
        0,
        0,
        0,
        null,
        0,
        0,
        0,
        0,
        null,
        0
      ],
      "/Users/kaijing/2019fall/cs169/cbvxstem/app/controllers/patients_controller.rb": [
        0,
        0,
        0,
        null,
        0,
        0,
        0,
        0,
        0,
        0,
        null,
        null,
        0,
        0,
        0,
        null,
        null,
        null,
        null,
        null,
        0,
        null,
        null,
        null,
        0,
        null,
        0,
        0,
        0,
        null,
        null,
        null,
        0,
        0,
        null,
        0,
        null,
        null,
        null,
        0,
        0,
        null,
        null,
        0,
        0,
        0,
        null,
        null,
        0,
        null,
        0,
        0,
        0,
        0,
        0,
        0,
        null,
        0,
        0,
        null,
        0,
        0,
        0,
        0,
        0,
        null,
        null,
        0,
        0,
        0,
        null,
        0,
        null,
        0,
        null,
        null,
        null,
        null,
        null,
        0,
        null,
        0,
        null,
        0,
        null,
        0,
        0,
        0,
        0,
        0,
        0,
        null,
        0,
        null,
        0,
        0,
        0,
        0,
        0,
        0,
        0,
        0,
        null,
        0,
        null,
        null,
        null,
        null,
        null,
        null,
        null,
        null,
        null,
        null,
        null,
        null,
        0,
        0,
        0,
        0,
        0,
        null,
        0,
        0,
        0,
        0,
        0,
        0,
        null,
        null,
        0,
        0,
        0,
        0,
        0,
        0,
        0,
        0,
        0,
        0,
        0,
        0,
        null,
        0,
        0,
        null,
        0,
        0,
        0,
        null,
        0,
        0,
        0,
        0,
        0,
        0,
        0,
        0,
        0,
        0,
        0,
        0,
        0,
        0,
        0,
        0,
        0,
        0,
        0,
        0,
        0,
        0,
        0,
        0,
        0,
        0,
        0,
        0,
        null,
        0,
        0,
        0,
        0,
        0,
        0,
        0,
        null,
        0
      ],
      "/Users/kaijing/2019fall/cs169/cbvxstem/app/controllers/user_activities_controller.rb": [
        0,
        0,
        null,
        null,
        null,
        0,
        0,
        0,
        null,
        null,
        null,
        0,
        0,
        null,
        null,
        null,
        0,
        null,
        0,
        0,
        0,
        null,
        null,
        0,
        0,
        0,
        0
      ],
      "/Users/kaijing/2019fall/cs169/cbvxstem/app/channels/application_cable/connection.rb": [
        0,
        0,
        0,
        0
      ],
      "/Users/kaijing/2019fall/cs169/cbvxstem/app/channels/application_cable/channel.rb": [
        0,
        0,
        0,
        0
      ]
    },
    "timestamp": 1574447019
  },
  "RSpec": {
    "coverage": {
      "/Users/nathanielnathaniel/cs169/cbvxstem/spec/controllers/medications_controller_spec.rb": [
        1,
        null,
        1,
        13,
        null,
        1,
        2,
        null,
        null,
        1,
        1,
        1,
        1,
        1,
        1,
        1,
        1,
        1,
        null,
        null,
        null,
        1,
        1,
        1,
        1,
        1,
        1,
        1,
        1,
        1,
        1,
        null,
        null,
        null,
        1,
        1,
        1,
        1,
        1,
        1,
        1,
        1,
        1,
        1,
        null,
        null,
        null,
        null,
        1,
        1,
        1,
        1,
        1,
        1,
        1,
        1,
        1,
        1,
        null,
        null,
        null,
        null,
        null,
        null,
        1,
        1,
        1,
        1,
        1,
        1,
        1,
        1,
        1,
        null,
        null,
        null,
        null,
        null,
        null,
        1,
        1,
        null,
        null,
        null,
        1,
        1,
        1,
        1,
        1,
        1,
        1,
        1,
        null,
        null,
        null,
        null,
        1,
        1,
        1,
        1,
        1,
        1,
        1,
        1,
        1,
        null,
        null,
        null,
        null,
        null,
        null,
        null,
        1,
        1,
        1,
        1,
        1,
        null,
        null,
        null,
        null,
        1,
        1,
        1,
        1,
        1,
        1,
        1,
        1,
        1,
        1,
        null,
        null,
        null,
        null,
        null,
        null,
        1,
        1,
        1,
        null,
        1,
        1,
        1,
        1,
        1,
        1,
        null,
        null,
        null,
        null,
        null,
        null,
        1,
        1,
        null,
        null,
        null,
        null,
        null,
        null,
        1,
        1,
        null,
        null,
        null,
        null,
        null,
        1,
        1,
        1,
        1,
        1,
        1,
        1,
        1,
        1,
        1,
        1,
        null,
        null,
        null,
        null,
        null,
        null,
        1,
        1,
        1,
        null,
        null,
        null,
        null,
        null,
        null,
        1,
        1,
        1,
        null,
        null,
        null,
        null,
        1,
        1,
        1,
        null,
        1,
        1,
        1,
        1,
        1,
        1,
        1,
        null,
        null,
        null,
        null,
        null,
        null,
        1,
        1,
        null,
        1,
        1,
        1,
        1,
        1,
        null,
        null,
        null,
        null,
        1,
        1,
        1,
        1,
        1,
        1,
        1,
        1,
        1,
        1,
        null,
        null,
        null,
        null,
        null,
        null,
        1,
        1,
        1,
        1,
        null,
        null,
        null,
        null,
        null,
        null
      ],
      "/Users/nathanielnathaniel/cs169/cbvxstem/spec/rails_helper.rb": [
        null,
        1,
        1,
        1,
        null,
        1,
        1,
        null,
        null,
        null,
        null,
        null,
        null,
        null,
        null,
        null,
        null,
        null,
        null,
        null,
        null,
        null,
        null,
        null,
        null,
        null,
        1,
        null,
        1,
        null,
        1,
        1,
        null,
        null,
        null,
        null,
        1,
        null,
        null,
        null,
        null,
        null,
        null,
        null,
        null,
        null,
        null,
        null,
        null,
        null,
        null,
        1,
        null,
        null,
        1,
        null,
        null,
        null
      ],
      "/Users/nathanielnathaniel/cs169/cbvxstem/config/environment.rb": [
        null,
        1,
        null,
        null,
        1
      ],
      "/Users/nathanielnathaniel/cs169/cbvxstem/config/application.rb": [
        1,
        null,
        1,
        null,
        null,
        null,
        1,
        null,
        1,
        1,
        null,
        1,
        null,
        null,
        null,
        null,
        null,
        null,
        null
      ],
      "/Users/nathanielnathaniel/cs169/cbvxstem/config/boot.rb": [
        1,
        null,
        1,
        1
      ],
      "/Users/nathanielnathaniel/cs169/cbvxstem/config/environments/test.rb": [
        1,
        null,
        null,
        null,
        null,
        null,
        null,
        1,
        null,
        null,
        null,
        null,
        1,
        null,
        null,
        1,
        1,
        null,
        null,
        null,
        null,
        1,
        1,
        null,
        null,
        1,
        null,
        null,
        1,
        null,
        null,
        1,
        null,
        1,
        null,
        null,
        null,
        null,
        1,
        null,
        null,
        1,
        null,
        null,
        null,
        null
      ],
      "/Users/nathanielnathaniel/cs169/cbvxstem/config/initializers/application_controller_renderer.rb": [
        null,
        null,
        null,
        null,
        null,
        null,
        null,
        null
      ],
      "/Users/nathanielnathaniel/cs169/cbvxstem/config/initializers/assets.rb": [
        null,
        null,
        null,
        1,
        null,
        null,
        null,
        null,
        1,
        null,
        null,
        null,
        null,
        null,
        1
      ],
      "/Users/nathanielnathaniel/cs169/cbvxstem/config/initializers/backtrace_silencers.rb": [
        null,
        null,
        null,
        null,
        null,
        null,
        null
      ],
      "/Users/nathanielnathaniel/cs169/cbvxstem/config/initializers/content_security_policy.rb": [
        null,
        null,
        null,
        null,
        null,
        null,
        null,
        null,
        null,
        null,
        null,
        null,
        null,
        null,
        null,
        null,
        null,
        null,
        null,
        null,
        null,
        null,
        null,
        null,
        null
      ],
      "/Users/nathanielnathaniel/cs169/cbvxstem/config/initializers/cookies_serializer.rb": [
        null,
        null,
        null,
        null,
        1
      ],
      "/Users/nathanielnathaniel/cs169/cbvxstem/config/initializers/devise.rb": [
        null,
        null,
        null,
        null,
        1,
        null,
        null,
        null,
        null,
        null,
        null,
        null,
        null,
        null,
        null,
        null,
        null,
        null,
        null,
        null,
        1,
        null,
        null,
        null,
        null,
        null,
        null,
        null,
        null,
        null,
        null,
        null,
        1,
        null,
        null,
        null,
        null,
        null,
        null,
        null,
        null,
        null,
        null,
        null,
        null,
        null,
        null,
        null,
        null,
        null,
        null,
        null,
        null,
        null,
        1,
        null,
        null,
        null,
        null,
        1,
        null,
        null,
        null,
        null,
        null,
        null,
        null,
        null,
        null,
        null,
        null,
        null,
        null,
        null,
        null,
        null,
        null,
        null,
        null,
        null,
        null,
        null,
        null,
        null,
        null,
        null,
        null,
        null,
        null,
        null,
        1,
        null,
        null,
        null,
        null,
        null,
        null,
        null,
        null,
        null,
        null,
        null,
        null,
        null,
        null,
        null,
        null,
        null,
        null,
        null,
        null,
        null,
        null,
        1,
        null,
        null,
        null,
        null,
        null,
        null,
        null,
        null,
        null,
        null,
        null,
        null,
        null,
        null,
        null,
        null,
        null,
        null,
        null,
        null,
        null,
        null,
        null,
        null,
        null,
        null,
        null,
        null,
        null,
        null,
        null,
        null,
        null,
        1,
        null,
        null,
        null,
        null,
        null,
        null,
        null,
        null,
        null,
        1,
        null,
        null,
        null,
        null,
        null,
        null,
        null,
        null,
        null,
        null,
        1,
        null,
        null,
        null,
        null,
        1,
        null,
        null,
        null,
        null,
        null,
        null,
        null,
        null,
        null,
        null,
        null,
        null,
        null,
        null,
        null,
        null,
        null,
        null,
        null,
        null,
        null,
        null,
        null,
        null,
        null,
        null,
        null,
        null,
        null,
        null,
        null,
        null,
        null,
        null,
        null,
        null,
        null,
        null,
        null,
        null,
        1,
        null,
        null,
        null,
        null,
        null,
        null,
        null,
        null,
        null,
        null,
        null,
        null,
        null,
        null,
        null,
        null,
        null,
        null,
        null,
        null,
        null,
        null,
        null,
        null,
        null,
        null,
        null,
        null,
        null,
        null,
        null,
        null,
        null,
        null,
        null,
        null,
        null,
        null,
        null,
        null,
        null,
        1,
        null,
        null,
        null,
        null,
        null,
        null,
        null,
        null,
        null,
        null,
        null,
        null,
        null,
        null,
        null,
        null,
        null,
        null,
        null,
        null,
        null,
        null,
        null,
        null,
        null,
        null,
        null,
        null,
        null,
        null,
        null,
        null,
        null,
        null,
        null,
        null,
        null,
        null,
        null,
        null,
        null,
        null
      ],
      "/Users/nathanielnathaniel/cs169/cbvxstem/config/initializers/filter_parameter_logging.rb": [
        null,
        null,
        null,
        1
      ],
      "/Users/nathanielnathaniel/cs169/cbvxstem/config/initializers/inflections.rb": [
        null,
        null,
        null,
        null,
        null,
        null,
        null,
        null,
        null,
        null,
        null,
        null,
        null,
        null,
        null,
        null
      ],
      "/Users/nathanielnathaniel/cs169/cbvxstem/config/initializers/mime_types.rb": [
        null,
        null,
        null,
        null
      ],
      "/Users/nathanielnathaniel/cs169/cbvxstem/config/initializers/wrap_parameters.rb": [
        null,
        null,
        null,
        null,
        null,
        null,
        1,
        2,
        null,
        null,
        null,
        null,
        null,
        null
      ],
      "/Users/nathanielnathaniel/cs169/cbvxstem/config/routes.rb": [
        1,
        null,
        1,
        null,
        null,
        null,
        null,
        null,
        null,
        null,
        null,
        1,
        1,
        1,
        1,
        1,
        1,
        1,
        1,
        null,
        null,
        1,
        1,
        1,
        null,
        1,
        null,
        null,
        null,
        null,
        1,
        1,
        1,
        1,
        1,
        1,
        null,
        null,
        null,
        1,
        1,
        1,
        1,
        1,
        1,
        null,
        1,
        1,
        null,
        null,
        1,
        null,
        null,
        1,
        1,
        1,
        null,
        1,
        null,
        1,
        1,
        null,
        null,
        1,
        1,
        null,
        null,
        1,
        null,
        1,
        1,
        1,
        1,
        1,
        null,
        null,
        null
      ],
      "/Users/nathanielnathaniel/cs169/cbvxstem/app/models/user.rb": [
        1,
        null,
        null,
        1,
        null,
        null,
        1,
        null
      ],
      "/Users/nathanielnathaniel/cs169/cbvxstem/app/models/application_record.rb": [
        1,
        1,
        null
      ],
      "/Users/nathanielnathaniel/cs169/cbvxstem/app/helpers/application_helper.rb": [
        1,
        1,
        null,
        null,
        null,
        1,
        0,
        null,
        null,
        1,
        0,
        0,
        null,
        0,
        null,
        null,
        null,
        1,
        null,
        null,
        null,
        null,
        0,
        null,
        null,
        null,
        null,
        null,
        null,
        null,
        null,
        null,
        null,
        null,
        1,
        0,
        null,
        null,
        1,
        0,
        null,
        null,
        1,
        0,
        null,
        0,
        0,
        null,
        null,
        0,
        null,
        null,
        1,
        0,
        0,
        null,
        0,
        null,
        0,
        null,
        null,
        1,
        0,
        0,
        null,
        0,
        null,
        null,
        null,
        1,
        0,
        null,
        null,
        1,
        2,
        2,
        2,
        null,
        null,
        1,
        0,
        0,
        null,
        null,
        1,
        0,
        0,
        null,
        0,
        0,
        0,
        0,
        0,
        null,
        null,
        null
      ],
      "/Users/nathanielnathaniel/cs169/cbvxstem/app/helpers/appointments_helper.rb": [
        1,
        null
      ],
      "/Users/nathanielnathaniel/cs169/cbvxstem/app/helpers/documentations_helper.rb": [
        1,
        null
      ],
      "/Users/nathanielnathaniel/cs169/cbvxstem/app/helpers/medications_helper.rb": [
        1,
        null
      ],
      "/Users/nathanielnathaniel/cs169/cbvxstem/app/helpers/meetings_helper.rb": [
        1,
        null,
        1,
        0,
        0,
        0,
        null,
        0,
        0,
        0,
        0,
        0,
        0,
        0,
        0,
        0,
        0,
        0,
        0,
        null,
        null,
        null,
        0,
        null,
        0,
        null,
        null,
        1,
        0,
        0,
        0,
        null,
        0,
        0,
        0,
        null,
        0,
        null,
        null,
        1,
        0,
        0,
        0,
        null,
        0,
        null,
        null,
        null,
        1,
        null,
        0,
        null,
        null,
        1,
        null,
        null,
        null,
        null
      ],
      "/Users/nathanielnathaniel/cs169/cbvxstem/app/helpers/messages_helper.rb": [
        1,
        null
      ],
      "/Users/nathanielnathaniel/cs169/cbvxstem/app/helpers/patient_info_helper.rb": [
        1,
        null
      ],
      "/Users/nathanielnathaniel/cs169/cbvxstem/app/helpers/profile_helper.rb": [
        1,
        null,
        null,
        null,
        1,
        0,
        null,
        null,
        null,
        1,
        0,
        null,
        null,
        null,
        null,
        null,
        0,
        null,
        0,
        null,
        null,
        null,
        1,
        null,
        0,
        null,
        null,
        0,
        null,
        null,
        1,
        0,
        null,
        null,
        1,
        0,
        null,
        null
      ],
      "/Users/nathanielnathaniel/cs169/cbvxstem/app/helpers/search_patients_helper.rb": [
        1,
        null
      ],
      "/Users/nathanielnathaniel/cs169/cbvxstem/app/helpers/treatments_helper.rb": [
        1,
        null
      ],
      "/Users/nathanielnathaniel/cs169/cbvxstem/app/helpers/user_activities_helper.rb": [
        1,
        null,
        null,
        1,
        2,
        null,
        2,
        2,
        2,
        null,
        2,
        18,
        10,
        10,
        10,
        null,
        null,
        null,
        2,
        2,
        null,
        null,
        null,
        1,
        4,
        4,
        4,
        null,
        null,
        1,
        6,
        null,
        null,
        null,
        null
      ],
      "/Users/nathanielnathaniel/cs169/cbvxstem/app/controllers/medications_controller.rb": [
        1,
        1,
        1,
        1,
        null,
        1,
        6,
        6,
        12,
        6,
        null,
        null,
        null,
        null,
        1,
        1,
        1,
        null,
        null,
        null,
        null,
        1,
        null,
        null,
        null,
        1,
        0,
        null,
        null,
        null,
        1,
        null,
        null,
        null,
        null,
        1,
        2,
        null,
        1,
        1,
        1,
        1,
        1,
        null,
        1,
        1,
        0,
        0,
        null,
        null,
        1,
        1,
        0,
        1,
        0,
        1,
        0,
        null,
        null,
        2,
        1,
        1,
        null,
        0,
        0,
        null,
        null,
        null,
        null,
        null,
        null,
        1,
        1,
        1,
        1,
        1,
        1,
        1,
        null,
        null,
        1,
        1,
        0,
        0,
        null,
        null,
        1,
        1,
        0,
        1,
        0,
        1,
        0,
        null,
        null,
        2,
        1,
        1,
        null,
        0,
        0,
        null,
        null,
        null,
        null,
        null,
        null,
        1,
        1,
        1,
        1,
        2,
        1,
        null,
        null,
        null,
        1,
        2,
        2,
        2,
        null,
        null,
        1,
        null,
        1,
        null,
        6,
        null,
        null,
        null,
        1,
        3,
        null,
        null
      ],
      "/Users/nathanielnathaniel/cs169/cbvxstem/app/controllers/application_controller.rb": [
        1,
        null,
        1,
        1,
        1,
        null,
        1,
        1,
        null,
        null,
        1,
        24,
        null,
        null,
        1,
        0,
        0,
        0,
        0,
        null,
        null,
        null,
        null
      ],
      "/Users/nathanielnathaniel/cs169/cbvxstem/app/controllers/concerns/devise_permitted_attributes.rb": [
        2,
        1,
        1,
        null,
        1,
        0,
        0,
        null,
        null
      ],
      "/Users/nathanielnathaniel/cs169/cbvxstem/app/controllers/concerns/centralized_user_holder_and_user_concern.rb": [
        1,
        1,
        null,
        1,
        1,
        null,
        null,
        null,
        1,
        24,
        null,
        null,
        null,
        null,
        null,
        null,
        null,
        null,
        null,
        null,
        null,
        null,
        null,
        24,
        null,
        24,
        24,
        24,
        null,
        null,
        0,
        0,
        null,
        null,
        null,
        8,
        8,
        null,
        null,
        0,
        0,
        null,
        null,
        null,
        null,
        16,
        null,
        0,
        0,
        0,
        null,
        null,
        0,
        0,
        0,
        null,
        null,
        null,
        null,
        null
      ],
      "/Users/nathanielnathaniel/cs169/cbvxstem/app/controllers/concerns/centralized_user_holder_policy_concern.rb": [
        1,
        1,
        null,
        1,
        null,
        null,
        null,
        null,
        24,
        null,
        null,
        1,
        null,
        null,
        null,
        null,
        null,
        null,
        null,
        null,
        null,
        null,
        null,
        null,
        null,
        null,
        null,
        null,
        null,
        null,
        null,
        null,
        null,
        null,
        null,
        null,
        null,
        null,
        null,
        null,
        null,
        null,
        48,
        null,
        null,
        null
      ],
      "/Users/nathanielnathaniel/cs169/cbvxstem/app/controllers/concerns/one_to_one_relationship_initializer_concern.rb": [
        1,
        1,
        null,
        null,
        null,
        null,
        1,
        24,
        24,
        24,
        null,
        null,
        1,
        24,
        24,
        0,
        null,
        null,
        null,
        null,
        24,
        null,
        null,
        1,
        24,
        20,
        null,
        null,
        null,
        null,
        null,
        null,
        1,
        24,
        0,
        0,
        null,
        null,
        null,
        null
      ],
      "/Users/nathanielnathaniel/cs169/cbvxstem/app/controllers/concerns/user_fall_back_concern.rb": [
        1,
        1,
        null,
        null,
        1,
        122,
        null,
        null,
        null,
        1,
        0,
        null,
        null,
        null
      ],
      "/Users/nathanielnathaniel/cs169/cbvxstem/spec/controllers/treatments_controller_spec.rb": [
        1,
        null,
        1,
        1,
        null,
        null,
        null,
        null,
        null,
        null,
        1,
        null,
        null,
        1,
        2,
        null,
        null,
        13,
        null,
        1,
        1,
        1,
        1,
        1,
        1,
        1,
        1,
        1,
        null,
        null,
        null,
        1,
        1,
        1,
        1,
        1,
        1,
        1,
        1,
        1,
        1,
        null,
        null,
        null,
        1,
        1,
        1,
        1,
        1,
        1,
        1,
        1,
        1,
        1,
        null,
        null,
        null,
        null,
        1,
        1,
        1,
        1,
        1,
        1,
        1,
        1,
        1,
        1,
        null,
        null,
        null,
        null,
        null,
        null,
        1,
        1,
        1,
        1,
        1,
        1,
        1,
        1,
        1,
        1,
        null,
        null,
        null,
        1,
        1,
        1,
        1,
        1,
        1,
        1,
        null,
        null,
        null,
        null,
        1,
        1,
        1,
        1,
        1,
        1,
        1,
        1,
        1,
        null,
        null,
        null,
        null,
        null,
        null,
        null,
        1,
        1,
        1,
        1,
        1,
        null,
        null,
        null,
        null,
        1,
        1,
        1,
        1,
        1,
        1,
        1,
        1,
        1,
        1,
        null,
        null,
        null,
        null,
        null,
        null,
        1,
        1,
        1,
        null,
        1,
        1,
        1,
        1,
        1,
        1,
        null,
        null,
        null,
        null,
        null,
        null,
        1,
        1,
        null,
        null,
        null,
        null,
        null,
        null,
        1,
        1,
        null,
        null,
        null,
        null,
        null,
        1,
        1,
        1,
        1,
        1,
        1,
        1,
        1,
        1,
        1,
        1,
        null,
        null,
        null,
        null,
        null,
        null,
        1,
        1,
        1,
        null,
        null,
        null,
        null,
        null,
        null,
        1,
        1,
        1,
        null,
        null,
        null,
        null,
        1,
        1,
        1,
        null,
        1,
        1,
        1,
        1,
        1,
        1,
        1,
        null,
        null,
        null,
        null,
        null,
        null,
        1,
        1,
        null,
        1,
        1,
        1,
        1,
        1,
        null,
        null,
        null,
        null,
        1,
        1,
        1,
        1,
        1,
        1,
        1,
        1,
        1,
        1,
        null,
        null,
        null,
        null,
        null,
        null,
        1,
        1,
        1,
        1,
        null,
        null,
        null,
        null,
        null,
        null
      ],
      "/Users/nathanielnathaniel/cs169/cbvxstem/app/controllers/treatments_controller.rb": [
        1,
        null,
        1,
        1,
        1,
        null,
        1,
        6,
        6,
        12,
        6,
        null,
        null,
        null,
        null,
        null,
        1,
        1,
        1,
        null,
        null,
        null,
        null,
        1,
        null,
        null,
        null,
        1,
        0,
        null,
        null,
        null,
        1,
        null,
        null,
        null,
        null,
        1,
        2,
        null,
        1,
        1,
        1,
        1,
        1,
        null,
        1,
        1,
        0,
        0,
        null,
        1,
        1,
        0,
        1,
        0,
        1,
        0,
        null,
        null,
        2,
        1,
        1,
        null,
        0,
        0,
        null,
        null,
        null,
        null,
        null,
        null,
        1,
        1,
        null,
        1,
        1,
        null,
        1,
        1,
        1,
        null,
        1,
        1,
        0,
        0,
        null,
        null,
        1,
        1,
        0,
        1,
        0,
        1,
        0,
        null,
        null,
        2,
        1,
        1,
        null,
        0,
        0,
        null,
        null,
        null,
        null,
        null,
        null,
        1,
        1,
        1,
        1,
        2,
        1,
        null,
        null,
        null,
        1,
        2,
        2,
        2,
        null,
        null,
        1,
        null,
        1,
        6,
        null,
        null,
        null,
        1,
        3,
        null,
        null
      ],
      "/Users/nathanielnathaniel/cs169/cbvxstem/spec/models/medication_spec.rb": [
        1,
        null,
        1,
        null,
        1,
        1,
        null,
        1,
        1,
        1,
        null,
        1,
        1,
        1,
        null,
        1,
        1,
        1,
        null,
        1,
        1,
        1,
        null,
        1,
        1,
        1,
        null,
        1,
        1,
        1,
        null,
        null,
        null,
        null,
        null
      ],
      "/Users/nathanielnathaniel/cs169/cbvxstem/app/models/medication.rb": [
        1,
        1,
        1,
        1,
        1,
        1,
        null,
        null
      ],
      "/Users/nathanielnathaniel/cs169/cbvxstem/spec/models/treatment_spec.rb": [
        1,
        null,
        1,
        null,
        null,
        null,
        null,
        1,
        1,
        1,
        1,
        1,
        null,
        1,
        1,
        1,
        null,
        1,
        1,
        1,
        null,
        1,
        1,
        1,
        null,
        1,
        1,
        1,
        null,
        1,
        1,
        1,
        null,
        null,
        null,
        null,
        null
      ],
      "/Users/nathanielnathaniel/cs169/cbvxstem/app/models/treatment.rb": [
        1,
        1,
        null,
        1,
        1,
        1,
        1,
        null,
        null,
        null,
        null
      ],
      "/Users/nathanielnathaniel/cs169/cbvxstem/spec/routing/medications_routing_spec.rb": [
        1,
        null,
        1,
        1,
        null,
        1,
        1,
        null,
        null,
        null,
        null,
        null,
        null,
        1,
        1,
        null,
        null,
        null,
        null,
        null,
        null,
        1,
        1,
        null,
        null,
        null,
        null,
        null,
        null,
        null,
        1,
        1,
        null,
        null,
        null,
        null,
        null,
        null,
        null,
        null,
        1,
        1,
        null,
        null,
        null,
        null,
        null,
        null,
        1,
        1,
        null,
        null,
        null,
        null,
        null,
        null,
        null,
        1,
        1,
        null,
        null,
        null,
        null,
        null,
        null,
        null,
        1,
        1,
        null,
        null,
        null,
        null,
        null,
        null,
        null,
        null
      ],
      "/Users/nathanielnathaniel/cs169/cbvxstem/spec/routing/treatments_routing_spec.rb": [
        1,
        null,
        1,
        1,
        null,
        1,
        1,
        null,
        null,
        null,
        null,
        null,
        null,
        1,
        1,
        null,
        null,
        null,
        null,
        null,
        null,
        1,
        1,
        null,
        null,
        null,
        null,
        null,
        null,
        null,
        1,
        1,
        null,
        null,
        null,
        null,
        null,
        null,
        null,
        null,
        1,
        1,
        null,
        null,
        null,
        null,
        null,
        null,
        1,
        1,
        null,
        null,
        null,
        null,
        null,
        null,
        null,
        1,
        1,
        null,
        null,
        null,
        null,
        null,
        null,
        null,
        1,
        1,
        null,
        null,
        null,
        null,
        null,
        null,
        null,
        null
      ],
      "/Users/nathanielnathaniel/cs169/cbvxstem/spec/views/medications/edit.html.erb_spec.rb": [
        null,
        null,
        null,
        null,
        null,
        null,
        null,
        null,
        null,
        null,
        null,
        null,
        null,
        null
      ],
      "/Users/nathanielnathaniel/cs169/cbvxstem/spec/views/medications/index.html.erb_spec.rb": [
        null,
        null,
        null,
        null,
        null,
        null,
        null,
        null,
        null,
        null,
        null,
        null,
        null,
        null
      ],
      "/Users/nathanielnathaniel/cs169/cbvxstem/spec/views/medications/new.html.erb_spec.rb": [
        null,
        null,
        null,
        null,
        null,
        null,
        null,
        null,
        null,
        null,
        null,
        null,
        null,
        null
      ],
      "/Users/nathanielnathaniel/cs169/cbvxstem/spec/views/medications/show.html.erb_spec.rb": [
        null,
        null,
        null,
        null,
        null,
        null,
        null,
        null,
        null,
        null,
        null
      ],
      "/Users/nathanielnathaniel/cs169/cbvxstem/spec/views/treatments/edit.html.erb_spec.rb": [
        null,
        null,
        null,
        null,
        null,
        null,
        null,
        null,
        null,
        null,
        null,
        null,
        null,
        null
      ],
      "/Users/nathanielnathaniel/cs169/cbvxstem/spec/views/treatments/index.html.erb_spec.rb": [
        null,
        null,
        null,
        null,
        null,
        null,
        null,
        null,
        null,
        null,
        null,
        null,
        null,
        null
      ],
      "/Users/nathanielnathaniel/cs169/cbvxstem/spec/views/treatments/new.html.erb_spec.rb": [
        null,
        null,
        null,
        null,
        null,
        null,
        null,
        null,
        null,
        null,
        null,
        null,
        null,
        null
      ],
      "/Users/nathanielnathaniel/cs169/cbvxstem/spec/views/treatments/show.html.erb_spec.rb": [
        null,
        null,
        null,
        null,
        null,
        null,
        null,
        null,
        null,
        null,
        null
      ],
      "/Users/nathanielnathaniel/cs169/cbvxstem/app/models/user_holder.rb": [
        1,
        null,
        1,
        null,
        1,
        null,
        null,
        1,
        null,
        null,
        1,
        1,
        1,
        1,
        null,
        1,
        null,
        null,
        1,
        1,
        0,
        null,
        null,
        1,
        1,
        0,
        null,
        null,
        1,
        1,
        0,
        null,
        null,
        1,
        1,
        0,
        null,
        null,
        1,
        1,
        0,
        null,
        null,
        1,
        1,
        0,
        null,
        null
      ],
      "/Users/nathanielnathaniel/cs169/cbvxstem/app/models/profile.rb": [
        1,
        null,
        1,
        null,
        null,
        1,
        null,
        null,
        null,
        null,
        null,
        null,
        null,
        null,
        null,
        null,
        null,
        null,
        1,
        0,
        null,
        null,
        1,
        0,
        null,
        null,
        null,
        null,
        null,
        null,
        null,
        null,
        null,
        1,
        0,
        null,
        null,
        null,
        null,
        null,
        1,
        0,
        null,
        null,
        null,
        null,
        null,
        1,
        0,
        0,
        null,
        0,
        0,
        null,
        null
      ],
      "/Users/nathanielnathaniel/cs169/cbvxstem/app/models/ability.rb": [
        null,
        null,
        1,
        1,
        null,
        1,
        null,
        null,
        null,
        null,
        24,
        8,
        8,
        8,
        8,
        8,
        8,
        8,
        8,
        8,
        8,
        8,
        null,
        null,
        null,
        24,
        16,
        16,
        16,
        16,
        16,
        16,
        16,
        16,
        16,
        16,
        16,
        null,
        null,
        null,
        24,
        24,
        null,
        null,
        null
      ],
      "/Users/nathanielnathaniel/cs169/cbvxstem/app/models/appointment.rb": [
        1,
        1,
        1,
        null
      ],
      "/Users/nathanielnathaniel/cs169/cbvxstem/app/models/documentation.rb": [
        1,
        1,
        1,
        1,
        null
      ],
      "/Users/nathanielnathaniel/cs169/cbvxstem/app/uploaders/attachment_uploader.rb": [
        null,
        null,
        1,
        null,
        null,
        null,
        null,
        null,
        null,
        1,
        null,
        null,
        null,
        null,
        1,
        null,
        0,
        null,
        null,
        null,
        1,
        0,
        null,
        null,
        null,
        null,
        null,
        null,
        null,
        null,
        null,
        null,
        null,
        null,
        null,
        null,
        null,
        null,
        null,
        null,
        null,
        null,
        null,
        null,
        null,
        null,
        null,
        null,
        null,
        null,
        null,
        null,
        null,
        null,
        null,
        null
      ],
      "/Users/nathanielnathaniel/cs169/cbvxstem/app/models/document.rb": [
        1,
        null,
        1,
        null,
        null,
        1,
        null,
        null,
        null,
        null,
        null,
        null,
        null,
        null,
        null,
        null,
        null,
        1,
        0,
        null,
        null,
        null
      ],
      "/Users/nathanielnathaniel/cs169/cbvxstem/app/models/meeting.rb": [
        1,
        1,
        null
      ],
      "/Users/nathanielnathaniel/cs169/cbvxstem/app/models/message.rb": [
        1,
        1,
        1,
        1,
        1,
        null
      ],
      "/Users/nathanielnathaniel/cs169/cbvxstem/app/models/user_activity.rb": [
        1,
        1,
        null,
        null,
        1,
        1,
        1,
        1,
        null,
        null,
        1,
        0,
        null,
        null,
        null,
        null,
        null,
        null,
        null,
        null,
        null,
        null,
        null,
        null,
        null,
        null,
        null
      ],
      "/Users/nathanielnathaniel/cs169/cbvxstem/app/models/user_setting.rb": [
        1,
        null,
        1,
        1,
        1,
        1,
        null
      ],
      "/Users/nathanielnathaniel/cs169/cbvxstem/app/mailers/message_mailer.rb": [
        1,
        null,
        null,
        null,
        null,
        null,
        null,
        null,
        1,
        0,
        null,
        0,
        null,
        null,
        null,
        1,
        0,
        null,
        0,
        null,
        null,
        null,
        1,
        4,
        4,
        4,
        null,
        4,
        null,
        null,
        null,
        1,
        0,
        null,
        0,
        null,
        null,
        null,
        1,
        0,
        0,
        null,
        null,
        null,
        null,
        null,
        null,
        null
      ],
      "/Users/nathanielnathaniel/cs169/cbvxstem/app/mailers/application_mailer.rb": [
        1,
        1,
        1,
        null
      ]
    },
    "timestamp": 1575981240
  }
}
